2018-09-04 23:21:29,421         root: INFO     ------------------------------------------------------------
2018-09-04 23:21:29,422         root: INFO     ------------------------------------------------------------
2018-09-04 23:21:29,422         root: INFO     BEGIN LOG
2018-09-04 23:21:29,422         root: INFO     URL: https://laspace.lsu.edu/hasp/groups/2018/data/data.php?pname=Payload_12&py=2018
2018-09-04 23:21:29,422         root: INFO     File path: /home/sam/HASP-RTP
2018-09-04 23:21:29,422         root: INFO     ------------------------------------------------------------
2018-09-04 23:21:29,422         root: INFO     ------------------------------------------------------------

2018-09-04 23:21:29,429 urllib3.connectionpool: DEBUG    Starting new HTTPS connection (1): laspace.lsu.edu
2018-09-04 23:21:29,807 urllib3.connectionpool: DEBUG    https://laspace.lsu.edu:443 "GET /hasp/groups/2018/data/data.php?pname=Payload_12&py=2018 HTTP/1.1" 200 27143
2018-09-04 23:21:29,910         root: INFO     Searching for table...
2018-09-04 23:21:29,912         root: INFO     ... table found.
2018-09-04 23:21:29,912         root: INFO     Searching for rows...
2018-09-04 23:21:29,914         root: INFO      ... rows found.
2018-09-04 23:21:29,914         root: INFO     Searching for columns...
2018-09-04 23:21:29,914         root: INFO     ... columns found.
2018-09-04 23:21:29,914         root: INFO     Extracting packet metadata...
2018-09-04 23:21:29,936         root: INFO     ... completed.

2018-09-04 23:21:29,936         root: INFO     Downloading packets...

2018-09-04 23:21:29,936         root: INFO     Downloading sp12_09-04-18-13-12-29.raw [20.0 KB]...
2018-09-04 23:21:30,241         root: INFO     Updating plot with data from sp12_09-04-18-13-12-29.raw...

2018-09-04 23:21:33,183         root: INFO     Downloading sp12_09-04-18-13-21-11.raw [20.0 KB]...
2018-09-04 23:21:33,486         root: INFO     Updating plot with data from sp12_09-04-18-13-21-11.raw...

2018-09-04 23:21:35,931         root: INFO     Downloading sp12_09-04-18-13-29-48.raw [20.0 KB]...
2018-09-04 23:21:36,237         root: INFO     Updating plot with data from sp12_09-04-18-13-29-48.raw...

2018-09-04 23:21:38,192         root: INFO     Downloading sp12_09-04-18-13-38-20.raw [20.0 KB]...
2018-09-04 23:21:38,502         root: INFO     Updating plot with data from sp12_09-04-18-13-38-20.raw...

2018-09-04 23:21:40,398         root: INFO     Downloading sp12_09-04-18-13-46-52.raw [20.0 KB]...
2018-09-04 23:21:40,736         root: INFO     Updating plot with data from sp12_09-04-18-13-46-52.raw...

2018-09-04 23:21:42,503         root: INFO     Downloading sp12_09-04-18-13-55-26.raw [20.0 KB]...
2018-09-04 23:21:42,817         root: INFO     Updating plot with data from sp12_09-04-18-13-55-26.raw...

2018-09-04 23:21:44,656         root: INFO     Downloading sp12_09-04-18-14-04-16.raw [20.0 KB]...
2018-09-04 23:21:45,011         root: INFO     Updating plot with data from sp12_09-04-18-14-04-16.raw...

2018-09-04 23:21:47,268         root: INFO     Downloading sp12_09-04-18-14-12-58.raw [20.0 KB]...
2018-09-04 23:21:47,623         root: INFO     Updating plot with data from sp12_09-04-18-14-12-58.raw...

2018-09-04 23:21:49,566         root: INFO     Downloading sp12_09-04-18-14-21-30.raw [20.0 KB]...
2018-09-04 23:21:49,834         root: INFO     Updating plot with data from sp12_09-04-18-14-21-30.raw...

2018-09-04 23:21:51,926         root: INFO     Downloading sp12_09-04-18-14-30-01.raw [20.0 KB]...
2018-09-04 23:21:52,239         root: INFO     Updating plot with data from sp12_09-04-18-14-30-01.raw...

2018-09-04 23:21:54,097         root: INFO     Downloading sp12_09-04-18-14-38-33.raw [20.0 KB]...
2018-09-04 23:21:54,405         root: INFO     Updating plot with data from sp12_09-04-18-14-38-33.raw...

2018-09-04 23:21:56,390         root: INFO     Downloading sp12_09-04-18-14-47-04.raw [20.0 KB]...
2018-09-04 23:21:56,625         root: INFO     Updating plot with data from sp12_09-04-18-14-47-04.raw...

2018-09-04 23:21:58,521         root: INFO     Downloading sp12_09-04-18-14-55-35.raw [20.0 KB]...
2018-09-04 23:21:58,780         root: INFO     Updating plot with data from sp12_09-04-18-14-55-35.raw...

2018-09-04 23:22:00,790         root: INFO     Downloading sp12_09-04-18-15-04-06.raw [20.0 KB]...
2018-09-04 23:22:01,445         root: INFO     Updating plot with data from sp12_09-04-18-15-04-06.raw...

2018-09-04 23:22:03,894         root: INFO     Downloading sp12_09-04-18-15-12-36.raw [20.0 KB]...
2018-09-04 23:22:04,200         root: INFO     Updating plot with data from sp12_09-04-18-15-12-36.raw...

2018-09-04 23:22:06,303         root: INFO     Downloading sp12_09-04-18-15-21-09.raw [20.0 KB]...
2018-09-04 23:22:06,554         root: INFO     Updating plot with data from sp12_09-04-18-15-21-09.raw...

2018-09-04 23:22:08,899         root: INFO     Downloading sp12_09-04-18-15-29-53.raw [20.0 KB]...
2018-09-04 23:22:09,168         root: INFO     Updating plot with data from sp12_09-04-18-15-29-53.raw...

2018-09-04 23:22:11,592         root: INFO     Downloading sp12_09-04-18-15-49-54.raw [19.8 KB]...
2018-09-04 23:22:11,811         root: INFO     Updating plot with data from sp12_09-04-18-15-49-54.raw...

2018-09-04 23:22:14,033         root: INFO     Downloading sp12_09-04-18-16-13-12.raw [20.0 KB]...
2018-09-04 23:22:15,316         root: INFO     Updating plot with data from sp12_09-04-18-16-13-12.raw...

2018-09-04 23:22:17,434         root: INFO     Downloading sp12_09-04-18-16-34-51.raw [20.0 KB]...
2018-09-04 23:22:18,671         root: INFO     Updating plot with data from sp12_09-04-18-16-34-51.raw...

2018-09-04 23:22:21,010         root: INFO     Downloading sp12_09-04-18-16-50-57.raw [20.0 KB]...
2018-09-04 23:22:22,091         root: INFO     Updating plot with data from sp12_09-04-18-16-50-57.raw...

2018-09-04 23:22:23,986         root: INFO     Downloading sp12_09-04-18-17-06-46.raw [20.0 KB]...
2018-09-04 23:22:24,216         root: INFO     Updating plot with data from sp12_09-04-18-17-06-46.raw...

2018-09-04 23:22:26,278         root: INFO     Downloading sp12_09-04-18-17-22-29.raw [20.0 KB]...
2018-09-04 23:22:26,535         root: INFO     Updating plot with data from sp12_09-04-18-17-22-29.raw...

2018-09-04 23:22:28,641         root: INFO     Downloading sp12_09-04-18-17-37-54.raw [19.8 KB]...
2018-09-04 23:22:28,924         root: INFO     Updating plot with data from sp12_09-04-18-17-37-54.raw...

2018-09-04 23:22:30,977         root: INFO     Downloading sp12_09-04-18-17-53-10.raw [20.0 KB]...
2018-09-04 23:22:31,229         root: INFO     Updating plot with data from sp12_09-04-18-17-53-10.raw...

2018-09-04 23:22:33,236         root: INFO     Downloading sp12_09-04-18-18-08-26.raw [20.0 KB]...
2018-09-04 23:22:33,476         root: INFO     Updating plot with data from sp12_09-04-18-18-08-26.raw...

2018-09-04 23:22:35,488         root: INFO     Downloading sp12_09-04-18-18-23-44.raw [20.0 KB]...
2018-09-04 23:22:35,779         root: INFO     Updating plot with data from sp12_09-04-18-18-23-44.raw...

2018-09-04 23:22:37,933         root: INFO     Downloading sp12_09-04-18-18-39-00.raw [20.0 KB]...
2018-09-04 23:22:38,201         root: INFO     Updating plot with data from sp12_09-04-18-18-39-00.raw...

2018-09-04 23:22:40,465         root: INFO     Downloading sp12_09-04-18-18-54-21.raw [20.0 KB]...
2018-09-04 23:22:40,970         root: INFO     Updating plot with data from sp12_09-04-18-18-54-21.raw...

2018-09-04 23:22:43,198         root: INFO     Downloading sp12_09-04-18-19-09-47.raw [20.0 KB]...
2018-09-04 23:22:43,662         root: INFO     Updating plot with data from sp12_09-04-18-19-09-47.raw...

2018-09-04 23:22:46,132         root: INFO     Downloading sp12_09-04-18-19-25-12.raw [20.0 KB]...
2018-09-04 23:22:47,357         root: INFO     Updating plot with data from sp12_09-04-18-19-25-12.raw...

2018-09-04 23:22:49,573         root: INFO     Downloading sp12_09-04-18-19-40-34.raw [20.0 KB]...
2018-09-04 23:22:49,804         root: INFO     Updating plot with data from sp12_09-04-18-19-40-34.raw...

2018-09-04 23:22:52,699         root: INFO     Downloading sp12_09-04-18-19-55-58.raw [20.0 KB]...
2018-09-04 23:22:52,967         root: INFO     Updating plot with data from sp12_09-04-18-19-55-58.raw...

2018-09-04 23:22:55,391         root: INFO     Downloading sp12_09-04-18-20-11-21.raw [20.0 KB]...
2018-09-04 23:22:55,721         root: INFO     Updating plot with data from sp12_09-04-18-20-11-21.raw...

2018-09-04 23:22:58,079         root: INFO     Downloading sp12_09-04-18-20-26-46.raw [20.0 KB]...
2018-09-04 23:22:58,300         root: INFO     Updating plot with data from sp12_09-04-18-20-26-46.raw...

2018-09-04 23:23:01,292         root: INFO     Downloading sp12_09-04-18-20-42-09.raw [20.0 KB]...
2018-09-04 23:23:01,545         root: INFO     Updating plot with data from sp12_09-04-18-20-42-09.raw...

2018-09-04 23:23:04,712         root: INFO     Downloading sp12_09-04-18-20-57-33.raw [20.0 KB]...
2018-09-04 23:23:04,962         root: INFO     Updating plot with data from sp12_09-04-18-20-57-33.raw...

2018-09-04 23:23:07,403         root: INFO     Downloading sp12_09-04-18-21-12-57.raw [20.0 KB]...
2018-09-04 23:23:07,679         root: INFO     Updating plot with data from sp12_09-04-18-21-12-57.raw...

2018-09-04 23:23:10,195         root: INFO     Downloading sp12_09-04-18-21-28-13.raw [20.0 KB]...
2018-09-04 23:23:10,435         root: INFO     Updating plot with data from sp12_09-04-18-21-28-13.raw...

2018-09-04 23:23:13,254         root: INFO     Downloading sp12_09-04-18-21-43-17.raw [20.0 KB]...
2018-09-04 23:23:13,508         root: INFO     Updating plot with data from sp12_09-04-18-21-43-17.raw...

2018-09-04 23:23:15,924         root: INFO     Downloading sp12_09-04-18-21-58-19.raw [20.0 KB]...
2018-09-04 23:23:16,195         root: INFO     Updating plot with data from sp12_09-04-18-21-58-19.raw...

2018-09-04 23:23:18,789         root: INFO     Downloading sp12_09-04-18-22-13-23.raw [20.0 KB]...
2018-09-04 23:23:19,049         root: INFO     Updating plot with data from sp12_09-04-18-22-13-23.raw...

2018-09-04 23:23:21,561         root: INFO     Downloading sp12_09-04-18-22-28-26.raw [20.0 KB]...
2018-09-04 23:23:21,814         root: INFO     Updating plot with data from sp12_09-04-18-22-28-26.raw...

2018-09-04 23:23:24,215         root: INFO     Downloading sp12_09-04-18-22-43-28.raw [20.0 KB]...
2018-09-04 23:23:24,431         root: INFO     Updating plot with data from sp12_09-04-18-22-43-28.raw...

2018-09-04 23:23:26,856         root: INFO     Downloading sp12_09-04-18-22-58-32.raw [20.0 KB]...
2018-09-04 23:23:27,098         root: INFO     Updating plot with data from sp12_09-04-18-22-58-32.raw...

2018-09-04 23:23:29,697         root: INFO     Downloading sp12_09-04-18-23-13-35.raw [20.0 KB]...
2018-09-04 23:23:29,938         root: INFO     Updating plot with data from sp12_09-04-18-23-13-35.raw...

2018-09-04 23:23:33,174         root: INFO     Downloading sp12_09-04-18-23-28-37.raw [20.0 KB]...
2018-09-04 23:23:33,467         root: INFO     Updating plot with data from sp12_09-04-18-23-28-37.raw...

2018-09-04 23:23:36,569         root: INFO     Downloading sp12_09-04-18-23-43-39.raw [20.0 KB]...
2018-09-04 23:23:36,831         root: INFO     Updating plot with data from sp12_09-04-18-23-43-39.raw...

2018-09-04 23:23:40,430         root: INFO     Downloading sp12_09-04-18-23-58-42.raw [20.0 KB]...
2018-09-04 23:23:40,688         root: INFO     Updating plot with data from sp12_09-04-18-23-58-42.raw...

2018-09-04 23:23:44,434         root: INFO     Downloading sp12_09-05-18-00-13-47.raw [20.0 KB]...
2018-09-04 23:23:44,676         root: INFO     Updating plot with data from sp12_09-05-18-00-13-47.raw...

2018-09-04 23:23:47,990         root: INFO     Downloading sp12_09-05-18-00-28-49.raw [20.0 KB]...
2018-09-04 23:23:48,263         root: INFO     Updating plot with data from sp12_09-05-18-00-28-49.raw...

2018-09-04 23:23:51,904         root: INFO     Downloading sp12_09-05-18-00-43-52.raw [20.0 KB]...
2018-09-04 23:23:52,176         root: INFO     Updating plot with data from sp12_09-05-18-00-43-52.raw...

2018-09-04 23:23:55,631         root: INFO     Downloading sp12_09-05-18-00-53-37.raw [20.0 KB]...
2018-09-04 23:23:56,892         root: INFO     Updating plot with data from sp12_09-05-18-00-53-37.raw...

2018-09-04 23:24:00,032         root: INFO     Downloading sp12_09-05-18-01-01-46.raw [20.0 KB]...
2018-09-04 23:24:00,260         root: INFO     Updating plot with data from sp12_09-05-18-01-01-46.raw...

2018-09-04 23:24:03,769         root: INFO     Downloading sp12_09-05-18-01-10-09.raw [20.0 KB]...
2018-09-04 23:24:04,023         root: INFO     Updating plot with data from sp12_09-05-18-01-10-09.raw...

2018-09-04 23:24:07,501         root: INFO     Downloading sp12_09-05-18-01-18-17.raw [20.0 KB]...
2018-09-04 23:24:07,759         root: INFO     Updating plot with data from sp12_09-05-18-01-18-17.raw...

2018-09-04 23:24:11,241         root: INFO     Downloading sp12_09-05-18-01-26-25.raw [18.0 KB]...
2018-09-04 23:24:11,513         root: INFO     Updating plot with data from sp12_09-05-18-01-26-25.raw...

2018-09-04 23:24:15,527         root: INFO     Figure saved to "plots.pdf"

2018-09-04 23:24:16,074 urllib3.connectionpool: DEBUG    Starting new HTTPS connection (1): laspace.lsu.edu
2018-09-04 23:24:16,301 urllib3.connectionpool: DEBUG    https://laspace.lsu.edu:443 "GET /hasp/groups/2018/data/data.php?pname=Payload_12&py=2018 HTTP/1.1" 200 27143
2018-09-04 23:24:16,406         root: INFO     Searching for table...
2018-09-04 23:24:16,409         root: INFO     ... table found.
2018-09-04 23:24:16,409         root: INFO     Searching for rows...
2018-09-04 23:24:16,411         root: INFO      ... rows found.
2018-09-04 23:24:16,411         root: INFO     Searching for columns...
2018-09-04 23:24:16,411         root: INFO     ... columns found.
2018-09-04 23:24:16,411         root: INFO     Extracting packet metadata...
2018-09-04 23:24:16,428         root: INFO     ... completed.

2018-09-04 23:24:16,429         root: INFO     Local repository is up-to-date. Retrying in 60 seconds..

2018-09-04 23:24:25,596         root: INFO     ------------------------------------------------------------
2018-09-04 23:24:25,597         root: ERROR    can't invoke "update" command: application has been destroyed
2018-09-04 23:24:26,840         root: INFO     Figure saved to "plots.pdf"
2018-09-04 23:24:26,841         root: INFO     ------------------------------------------------------------
2018-09-04 23:24:26,841         root: INFO     ------------------------------------------------------------
2018-09-04 23:24:26,842         root: INFO     END LOG
2018-09-04 23:24:26,842         root: INFO     ------------------------------------------------------------
2018-09-04 23:24:26,843         root: INFO     ------------------------------------------------------------
